<?xml version="1.0" encoding="UTF-8"?>
<!-- Generated by org.testng.reporters.JUnitReportReporter -->
<testsuite skipped="0" hostname="HDC0007393" name="testSuite.UpdateApplicationForPHPTravelsChrome" tests="1" failures="0" timestamp="06 Jun 2017 11:39:01 GMT" time="2.558" errors="0">
  <testcase name="PHPTravelsUpdatePage" time="2.558" classname="testSuite.UpdateApplicationForPHPTravelsChrome"/>
</testsuite> <!-- testSuite.UpdateApplicationForPHPTravelsChrome -->
