<?xml version="1.0" encoding="UTF-8"?>
<!-- Generated by org.testng.reporters.JUnitReportReporter -->
<testsuite skipped="0" hostname="HDC0007393" name="testSuite.UpdateApplicationForOrangeHrmChrome" tests="1" failures="0" timestamp="12 Jun 2017 12:35:41 GMT" time="57.434" errors="0">
  <testcase name="OrangeHrmUpdatePage" time="57.434" classname="testSuite.UpdateApplicationForOrangeHrmChrome"/>
</testsuite> <!-- testSuite.UpdateApplicationForOrangeHrmChrome -->
