<?xml version="1.0" encoding="UTF-8"?>
<!-- Generated by org.testng.reporters.JUnitReportReporter -->
<testsuite skipped="0" hostname="HDC0007393" name="testSuite.UpdateApplicationForPHPTravelsFirefox" tests="1" failures="0" timestamp="01 Jun 2017 11:59:08 GMT" time="2.264" errors="0">
  <testcase name="PHPTravelsUpdatePage" time="2.264" classname="testSuite.UpdateApplicationForPHPTravelsFirefox"/>
</testsuite> <!-- testSuite.UpdateApplicationForPHPTravelsFirefox -->
